<?xml version="1.0" encoding="UTF-8"?>
<robot generator="Robot 6.1.1 (Python 3.10.12 on linux)" generated="20231115 15:43:03.542" rpa="false" schemaversion="4">
<suite id="s1" name="Tests" source="/home/baroni/palautusrepositorio/viikko3/web-login/src/tests">
<suite id="s1-s1" name="Home" source="/home/baroni/palautusrepositorio/viikko3/web-login/src/tests/home.robot">
<kw name="Open And Configure Browser" library="resource" type="SETUP">
<kw name="Evaluate" library="BuiltIn">
<var>${options}</var>
<arg>sys.modules['selenium.webdriver'].ChromeOptions()</arg>
<arg>sys</arg>
<doc>Evaluates the given expression in Python and returns the result.</doc>
<msg timestamp="20231115 15:43:03.646" level="INFO">${options} = &lt;selenium.webdriver.chrome.options.Options object at 0x7efec0421c60&gt;</msg>
<status status="PASS" starttime="20231115 15:43:03.646" endtime="20231115 15:43:03.646"/>
</kw>
<kw name="Call Method" library="BuiltIn">
<arg>${options}</arg>
<arg>add_argument</arg>
<arg>--no-sandbox</arg>
<doc>Calls the named method of the given object with the provided arguments.</doc>
<status status="PASS" starttime="20231115 15:43:03.646" endtime="20231115 15:43:03.646"/>
</kw>
<kw name="Call Method" library="BuiltIn">
<arg>${options}</arg>
<arg>add_argument</arg>
<arg>--headless</arg>
<doc>Calls the named method of the given object with the provided arguments.</doc>
<status status="PASS" starttime="20231115 15:43:03.646" endtime="20231115 15:43:03.646"/>
</kw>
<kw name="Open Browser" library="SeleniumLibrary">
<arg>browser=chrome</arg>
<arg>options=${options}</arg>
<doc>Opens a new browser instance to the optional ``url``.</doc>
<msg timestamp="20231115 15:43:03.647" level="INFO">Opening browser 'chrome' to base url 'None'.</msg>
<status status="PASS" starttime="20231115 15:43:03.646" endtime="20231115 15:43:04.309"/>
</kw>
<kw name="Set Selenium Speed" library="SeleniumLibrary">
<arg>${DELAY}</arg>
<doc>Sets the delay that is waited after each Selenium command.</doc>
<status status="PASS" starttime="20231115 15:43:04.310" endtime="20231115 15:43:04.310"/>
</kw>
<status status="PASS" starttime="20231115 15:43:03.646" endtime="20231115 15:43:04.310"/>
</kw>
<test id="s1-s1-t1" name="Click Login Link" line="8">
<kw name="Go To Main Page" library="resource" type="SETUP">
<kw name="Go To" library="SeleniumLibrary">
<arg>${HOME_URL}</arg>
<doc>Navigates the current browser window to the provided ``url``.</doc>
<msg timestamp="20231115 15:43:04.311" level="INFO">Opening url 'http://localhost:5001'</msg>
<status status="PASS" starttime="20231115 15:43:04.311" endtime="20231115 15:43:04.336"/>
</kw>
<status status="PASS" starttime="20231115 15:43:04.310" endtime="20231115 15:43:04.336"/>
</kw>
<kw name="Click Link" library="SeleniumLibrary">
<arg>Login</arg>
<doc>Clicks a link identified by ``locator``.</doc>
<msg timestamp="20231115 15:43:04.336" level="INFO">Clicking link 'Login'.</msg>
<status status="PASS" starttime="20231115 15:43:04.336" endtime="20231115 15:43:04.375"/>
</kw>
<kw name="Login Page Should Be Open" library="resource">
<kw name="Title Should Be" library="SeleniumLibrary">
<arg>Login</arg>
<doc>Verifies that the current page title equals ``title``.</doc>
<msg timestamp="20231115 15:43:04.378" level="INFO">Page title is 'Login'.</msg>
<status status="PASS" starttime="20231115 15:43:04.375" endtime="20231115 15:43:04.378"/>
</kw>
<status status="PASS" starttime="20231115 15:43:04.375" endtime="20231115 15:43:04.378"/>
</kw>
<status status="PASS" starttime="20231115 15:43:04.310" endtime="20231115 15:43:04.378"/>
</test>
<test id="s1-s1-t2" name="Click Register Link" line="12">
<kw name="Go To Main Page" library="resource" type="SETUP">
<kw name="Go To" library="SeleniumLibrary">
<arg>${HOME_URL}</arg>
<doc>Navigates the current browser window to the provided ``url``.</doc>
<msg timestamp="20231115 15:43:04.379" level="INFO">Opening url 'http://localhost:5001'</msg>
<status status="PASS" starttime="20231115 15:43:04.379" endtime="20231115 15:43:04.386"/>
</kw>
<status status="PASS" starttime="20231115 15:43:04.379" endtime="20231115 15:43:04.386"/>
</kw>
<kw name="Click Link" library="SeleniumLibrary">
<arg>Register new user</arg>
<doc>Clicks a link identified by ``locator``.</doc>
<msg timestamp="20231115 15:43:04.386" level="INFO">Clicking link 'Register new user'.</msg>
<status status="PASS" starttime="20231115 15:43:04.386" endtime="20231115 15:43:04.417"/>
</kw>
<kw name="Register Page Should Be Open" library="resource">
<kw name="Title Should Be" library="SeleniumLibrary">
<arg>Register</arg>
<doc>Verifies that the current page title equals ``title``.</doc>
<msg timestamp="20231115 15:43:04.419" level="INFO">Page title is 'Register'.</msg>
<status status="PASS" starttime="20231115 15:43:04.417" endtime="20231115 15:43:04.419"/>
</kw>
<status status="PASS" starttime="20231115 15:43:04.417" endtime="20231115 15:43:04.419"/>
</kw>
<status status="PASS" starttime="20231115 15:43:04.378" endtime="20231115 15:43:04.419"/>
</test>
<kw name="Close Browser" library="SeleniumLibrary" type="TEARDOWN">
<doc>Closes the current browser.</doc>
<status status="PASS" starttime="20231115 15:43:04.420" endtime="20231115 15:43:04.478"/>
</kw>
<status status="PASS" starttime="20231115 15:43:03.553" endtime="20231115 15:43:04.478"/>
</suite>
<suite id="s1-s2" name="Login" source="/home/baroni/palautusrepositorio/viikko3/web-login/src/tests/login.robot">
<kw name="Open And Configure Browser" library="resource" type="SETUP">
<kw name="Evaluate" library="BuiltIn">
<var>${options}</var>
<arg>sys.modules['selenium.webdriver'].ChromeOptions()</arg>
<arg>sys</arg>
<doc>Evaluates the given expression in Python and returns the result.</doc>
<msg timestamp="20231115 15:43:04.486" level="INFO">${options} = &lt;selenium.webdriver.chrome.options.Options object at 0x7efec0422770&gt;</msg>
<status status="PASS" starttime="20231115 15:43:04.485" endtime="20231115 15:43:04.486"/>
</kw>
<kw name="Call Method" library="BuiltIn">
<arg>${options}</arg>
<arg>add_argument</arg>
<arg>--no-sandbox</arg>
<doc>Calls the named method of the given object with the provided arguments.</doc>
<status status="PASS" starttime="20231115 15:43:04.486" endtime="20231115 15:43:04.486"/>
</kw>
<kw name="Call Method" library="BuiltIn">
<arg>${options}</arg>
<arg>add_argument</arg>
<arg>--headless</arg>
<doc>Calls the named method of the given object with the provided arguments.</doc>
<status status="PASS" starttime="20231115 15:43:04.486" endtime="20231115 15:43:04.486"/>
</kw>
<kw name="Open Browser" library="SeleniumLibrary">
<arg>browser=chrome</arg>
<arg>options=${options}</arg>
<doc>Opens a new browser instance to the optional ``url``.</doc>
<msg timestamp="20231115 15:43:04.487" level="INFO">Opening browser 'chrome' to base url 'None'.</msg>
<status status="PASS" starttime="20231115 15:43:04.487" endtime="20231115 15:43:05.163"/>
</kw>
<kw name="Set Selenium Speed" library="SeleniumLibrary">
<arg>${DELAY}</arg>
<doc>Sets the delay that is waited after each Selenium command.</doc>
<status status="PASS" starttime="20231115 15:43:05.163" endtime="20231115 15:43:05.163"/>
</kw>
<status status="PASS" starttime="20231115 15:43:04.485" endtime="20231115 15:43:05.163"/>
</kw>
<test id="s1-s2-t1" name="Login With Correct Credentials" line="8">
<kw name="Create User And Go To Login Page" type="SETUP">
<kw name="Create User" library="AppLibrary">
<arg>kalle</arg>
<arg>kalle123</arg>
<status status="PASS" starttime="20231115 15:43:05.164" endtime="20231115 15:43:05.169"/>
</kw>
<kw name="Go To Login Page" library="resource">
<kw name="Go To" library="SeleniumLibrary">
<arg>${LOGIN_URL}</arg>
<doc>Navigates the current browser window to the provided ``url``.</doc>
<msg timestamp="20231115 15:43:05.170" level="INFO">Opening url 'http://localhost:5001/login'</msg>
<status status="PASS" starttime="20231115 15:43:05.170" endtime="20231115 15:43:05.197"/>
</kw>
<status status="PASS" starttime="20231115 15:43:05.169" endtime="20231115 15:43:05.197"/>
</kw>
<kw name="Login Page Should Be Open" library="resource">
<kw name="Title Should Be" library="SeleniumLibrary">
<arg>Login</arg>
<doc>Verifies that the current page title equals ``title``.</doc>
<msg timestamp="20231115 15:43:05.201" level="INFO">Page title is 'Login'.</msg>
<status status="PASS" starttime="20231115 15:43:05.198" endtime="20231115 15:43:05.201"/>
</kw>
<status status="PASS" starttime="20231115 15:43:05.197" endtime="20231115 15:43:05.201"/>
</kw>
<status status="PASS" starttime="20231115 15:43:05.164" endtime="20231115 15:43:05.201"/>
</kw>
<kw name="Set Username">
<arg>kalle</arg>
<kw name="Input Text" library="SeleniumLibrary">
<arg>username</arg>
<arg>${username}</arg>
<doc>Types the given ``text`` into the text field identified by ``locator``.</doc>
<msg timestamp="20231115 15:43:05.201" level="INFO">Typing text 'kalle' into text field 'username'.</msg>
<status status="PASS" starttime="20231115 15:43:05.201" endtime="20231115 15:43:05.253"/>
</kw>
<status status="PASS" starttime="20231115 15:43:05.201" endtime="20231115 15:43:05.253"/>
</kw>
<kw name="Set Password">
<arg>kalle123</arg>
<kw name="Input Password" library="SeleniumLibrary">
<arg>password</arg>
<arg>${password}</arg>
<doc>Types the given password into the text field identified by ``locator``.</doc>
<msg timestamp="20231115 15:43:05.254" level="INFO">Typing password into text field 'password'.</msg>
<msg timestamp="20231115 15:43:05.272" level="INFO">Temporally setting log level to: NONE</msg>
<msg timestamp="20231115 15:43:05.293" level="INFO">Log level changed from NONE to INFO.</msg>
<status status="PASS" starttime="20231115 15:43:05.253" endtime="20231115 15:43:05.293"/>
</kw>
<status status="PASS" starttime="20231115 15:43:05.253" endtime="20231115 15:43:05.293"/>
</kw>
<kw name="Submit Credentials">
<kw name="Click Button" library="SeleniumLibrary">
<arg>Login</arg>
<doc>Clicks the button identified by ``locator``.</doc>
<msg timestamp="20231115 15:43:05.293" level="INFO">Clicking button 'Login'.</msg>
<status status="PASS" starttime="20231115 15:43:05.293" endtime="20231115 15:43:05.332"/>
</kw>
<status status="PASS" starttime="20231115 15:43:05.293" endtime="20231115 15:43:05.332"/>
</kw>
<kw name="Login Should Succeed">
<kw name="Main Page Should Be Open" library="resource">
<kw name="Title Should Be" library="SeleniumLibrary">
<arg>Ohtu Application main page</arg>
<doc>Verifies that the current page title equals ``title``.</doc>
<msg timestamp="20231115 15:43:05.335" level="INFO">Page title is 'Ohtu Application main page'.</msg>
<status status="PASS" starttime="20231115 15:43:05.333" endtime="20231115 15:43:05.335"/>
</kw>
<status status="PASS" starttime="20231115 15:43:05.333" endtime="20231115 15:43:05.335"/>
</kw>
<status status="PASS" starttime="20231115 15:43:05.332" endtime="20231115 15:43:05.335"/>
</kw>
<status status="PASS" starttime="20231115 15:43:05.163" endtime="20231115 15:43:05.335"/>
</test>
<test id="s1-s2-t2" name="Login With Incorrect Password" line="14">
<kw name="Create User And Go To Login Page" type="SETUP">
<kw name="Create User" library="AppLibrary">
<arg>kalle</arg>
<arg>kalle123</arg>
<status status="PASS" starttime="20231115 15:43:05.336" endtime="20231115 15:43:05.341"/>
</kw>
<kw name="Go To Login Page" library="resource">
<kw name="Go To" library="SeleniumLibrary">
<arg>${LOGIN_URL}</arg>
<doc>Navigates the current browser window to the provided ``url``.</doc>
<msg timestamp="20231115 15:43:05.341" level="INFO">Opening url 'http://localhost:5001/login'</msg>
<status status="PASS" starttime="20231115 15:43:05.341" endtime="20231115 15:43:05.349"/>
</kw>
<status status="PASS" starttime="20231115 15:43:05.341" endtime="20231115 15:43:05.349"/>
</kw>
<kw name="Login Page Should Be Open" library="resource">
<kw name="Title Should Be" library="SeleniumLibrary">
<arg>Login</arg>
<doc>Verifies that the current page title equals ``title``.</doc>
<msg timestamp="20231115 15:43:05.351" level="INFO">Page title is 'Login'.</msg>
<status status="PASS" starttime="20231115 15:43:05.350" endtime="20231115 15:43:05.351"/>
</kw>
<status status="PASS" starttime="20231115 15:43:05.349" endtime="20231115 15:43:05.351"/>
</kw>
<status status="PASS" starttime="20231115 15:43:05.335" endtime="20231115 15:43:05.352"/>
</kw>
<kw name="Set Username">
<arg>kalle</arg>
<kw name="Input Text" library="SeleniumLibrary">
<arg>username</arg>
<arg>${username}</arg>
<doc>Types the given ``text`` into the text field identified by ``locator``.</doc>
<msg timestamp="20231115 15:43:05.352" level="INFO">Typing text 'kalle' into text field 'username'.</msg>
<status status="PASS" starttime="20231115 15:43:05.352" endtime="20231115 15:43:05.387"/>
</kw>
<status status="PASS" starttime="20231115 15:43:05.352" endtime="20231115 15:43:05.387"/>
</kw>
<kw name="Set Password">
<arg>kalle456</arg>
<kw name="Input Password" library="SeleniumLibrary">
<arg>password</arg>
<arg>${password}</arg>
<doc>Types the given password into the text field identified by ``locator``.</doc>
<msg timestamp="20231115 15:43:05.388" level="INFO">Typing password into text field 'password'.</msg>
<msg timestamp="20231115 15:43:05.403" level="INFO">Temporally setting log level to: NONE</msg>
<msg timestamp="20231115 15:43:05.422" level="INFO">Log level changed from NONE to INFO.</msg>
<status status="PASS" starttime="20231115 15:43:05.387" endtime="20231115 15:43:05.422"/>
</kw>
<status status="PASS" starttime="20231115 15:43:05.387" endtime="20231115 15:43:05.422"/>
</kw>
<kw name="Submit Credentials">
<kw name="Click Button" library="SeleniumLibrary">
<arg>Login</arg>
<doc>Clicks the button identified by ``locator``.</doc>
<msg timestamp="20231115 15:43:05.422" level="INFO">Clicking button 'Login'.</msg>
<status status="PASS" starttime="20231115 15:43:05.422" endtime="20231115 15:43:05.453"/>
</kw>
<status status="PASS" starttime="20231115 15:43:05.422" endtime="20231115 15:43:05.453"/>
</kw>
<kw name="Login Should Fail With Message">
<arg>Invalid username or password</arg>
<kw name="Login Page Should Be Open" library="resource">
<kw name="Title Should Be" library="SeleniumLibrary">
<arg>Login</arg>
<doc>Verifies that the current page title equals ``title``.</doc>
<msg timestamp="20231115 15:43:05.456" level="INFO">Page title is 'Login'.</msg>
<status status="PASS" starttime="20231115 15:43:05.454" endtime="20231115 15:43:05.456"/>
</kw>
<status status="PASS" starttime="20231115 15:43:05.454" endtime="20231115 15:43:05.456"/>
</kw>
<kw name="Page Should Contain" library="SeleniumLibrary">
<arg>${message}</arg>
<doc>Verifies that current page contains ``text``.</doc>
<msg timestamp="20231115 15:43:05.464" level="INFO">Current page contains text 'Invalid username or password'.</msg>
<status status="PASS" starttime="20231115 15:43:05.456" endtime="20231115 15:43:05.464"/>
</kw>
<status status="PASS" starttime="20231115 15:43:05.453" endtime="20231115 15:43:05.464"/>
</kw>
<status status="PASS" starttime="20231115 15:43:05.335" endtime="20231115 15:43:05.464"/>
</test>
<test id="s1-s2-t3" name="Login With Nonexistent Username" line="20">
<kw name="Create User And Go To Login Page" type="SETUP">
<kw name="Create User" library="AppLibrary">
<arg>kalle</arg>
<arg>kalle123</arg>
<status status="PASS" starttime="20231115 15:43:05.465" endtime="20231115 15:43:05.471"/>
</kw>
<kw name="Go To Login Page" library="resource">
<kw name="Go To" library="SeleniumLibrary">
<arg>${LOGIN_URL}</arg>
<doc>Navigates the current browser window to the provided ``url``.</doc>
<msg timestamp="20231115 15:43:05.472" level="INFO">Opening url 'http://localhost:5001/login'</msg>
<status status="PASS" starttime="20231115 15:43:05.472" endtime="20231115 15:43:05.479"/>
</kw>
<status status="PASS" starttime="20231115 15:43:05.471" endtime="20231115 15:43:05.480"/>
</kw>
<kw name="Login Page Should Be Open" library="resource">
<kw name="Title Should Be" library="SeleniumLibrary">
<arg>Login</arg>
<doc>Verifies that the current page title equals ``title``.</doc>
<msg timestamp="20231115 15:43:05.482" level="INFO">Page title is 'Login'.</msg>
<status status="PASS" starttime="20231115 15:43:05.480" endtime="20231115 15:43:05.482"/>
</kw>
<status status="PASS" starttime="20231115 15:43:05.480" endtime="20231115 15:43:05.482"/>
</kw>
<status status="PASS" starttime="20231115 15:43:05.464" endtime="20231115 15:43:05.482"/>
</kw>
<kw name="Set Username">
<arg>non</arg>
<kw name="Input Text" library="SeleniumLibrary">
<arg>username</arg>
<arg>${username}</arg>
<doc>Types the given ``text`` into the text field identified by ``locator``.</doc>
<msg timestamp="20231115 15:43:05.483" level="INFO">Typing text 'non' into text field 'username'.</msg>
<status status="PASS" starttime="20231115 15:43:05.482" endtime="20231115 15:43:05.515"/>
</kw>
<status status="PASS" starttime="20231115 15:43:05.482" endtime="20231115 15:43:05.515"/>
</kw>
<kw name="Set Password">
<arg>password1</arg>
<kw name="Input Password" library="SeleniumLibrary">
<arg>password</arg>
<arg>${password}</arg>
<doc>Types the given password into the text field identified by ``locator``.</doc>
<msg timestamp="20231115 15:43:05.516" level="INFO">Typing password into text field 'password'.</msg>
<msg timestamp="20231115 15:43:05.531" level="INFO">Temporally setting log level to: NONE</msg>
<msg timestamp="20231115 15:43:05.551" level="INFO">Log level changed from NONE to INFO.</msg>
<status status="PASS" starttime="20231115 15:43:05.516" endtime="20231115 15:43:05.551"/>
</kw>
<status status="PASS" starttime="20231115 15:43:05.516" endtime="20231115 15:43:05.551"/>
</kw>
<kw name="Submit Credentials">
<kw name="Click Button" library="SeleniumLibrary">
<arg>Login</arg>
<doc>Clicks the button identified by ``locator``.</doc>
<msg timestamp="20231115 15:43:05.552" level="INFO">Clicking button 'Login'.</msg>
<status status="PASS" starttime="20231115 15:43:05.551" endtime="20231115 15:43:05.581"/>
</kw>
<status status="PASS" starttime="20231115 15:43:05.551" endtime="20231115 15:43:05.581"/>
</kw>
<kw name="Login Should Fail With Message">
<arg>Invalid username or password</arg>
<kw name="Login Page Should Be Open" library="resource">
<kw name="Title Should Be" library="SeleniumLibrary">
<arg>Login</arg>
<doc>Verifies that the current page title equals ``title``.</doc>
<msg timestamp="20231115 15:43:05.583" level="INFO">Page title is 'Login'.</msg>
<status status="PASS" starttime="20231115 15:43:05.581" endtime="20231115 15:43:05.583"/>
</kw>
<status status="PASS" starttime="20231115 15:43:05.581" endtime="20231115 15:43:05.584"/>
</kw>
<kw name="Page Should Contain" library="SeleniumLibrary">
<arg>${message}</arg>
<doc>Verifies that current page contains ``text``.</doc>
<msg timestamp="20231115 15:43:05.589" level="INFO">Current page contains text 'Invalid username or password'.</msg>
<status status="PASS" starttime="20231115 15:43:05.584" endtime="20231115 15:43:05.589"/>
</kw>
<status status="PASS" starttime="20231115 15:43:05.581" endtime="20231115 15:43:05.589"/>
</kw>
<status status="PASS" starttime="20231115 15:43:05.464" endtime="20231115 15:43:05.589"/>
</test>
<kw name="Close Browser" library="SeleniumLibrary" type="TEARDOWN">
<doc>Closes the current browser.</doc>
<status status="PASS" starttime="20231115 15:43:05.590" endtime="20231115 15:43:05.649"/>
</kw>
<status status="PASS" starttime="20231115 15:43:04.479" endtime="20231115 15:43:05.649"/>
</suite>
<suite id="s1-s3" name="Register" source="/home/baroni/palautusrepositorio/viikko3/web-login/src/tests/register.robot">
<kw name="Open And Configure Browser" library="resource" type="SETUP">
<kw name="Evaluate" library="BuiltIn">
<var>${options}</var>
<arg>sys.modules['selenium.webdriver'].ChromeOptions()</arg>
<arg>sys</arg>
<doc>Evaluates the given expression in Python and returns the result.</doc>
<msg timestamp="20231115 15:43:05.657" level="INFO">${options} = &lt;selenium.webdriver.chrome.options.Options object at 0x7efec0188730&gt;</msg>
<status status="PASS" starttime="20231115 15:43:05.656" endtime="20231115 15:43:05.657"/>
</kw>
<kw name="Call Method" library="BuiltIn">
<arg>${options}</arg>
<arg>add_argument</arg>
<arg>--no-sandbox</arg>
<doc>Calls the named method of the given object with the provided arguments.</doc>
<status status="PASS" starttime="20231115 15:43:05.657" endtime="20231115 15:43:05.657"/>
</kw>
<kw name="Call Method" library="BuiltIn">
<arg>${options}</arg>
<arg>add_argument</arg>
<arg>--headless</arg>
<doc>Calls the named method of the given object with the provided arguments.</doc>
<status status="PASS" starttime="20231115 15:43:05.657" endtime="20231115 15:43:05.658"/>
</kw>
<kw name="Open Browser" library="SeleniumLibrary">
<arg>browser=chrome</arg>
<arg>options=${options}</arg>
<doc>Opens a new browser instance to the optional ``url``.</doc>
<msg timestamp="20231115 15:43:05.659" level="INFO">Opening browser 'chrome' to base url 'None'.</msg>
<status status="PASS" starttime="20231115 15:43:05.658" endtime="20231115 15:43:06.339"/>
</kw>
<kw name="Set Selenium Speed" library="SeleniumLibrary">
<arg>${DELAY}</arg>
<doc>Sets the delay that is waited after each Selenium command.</doc>
<status status="PASS" starttime="20231115 15:43:06.339" endtime="20231115 15:43:06.339"/>
</kw>
<status status="PASS" starttime="20231115 15:43:05.656" endtime="20231115 15:43:06.339"/>
</kw>
<test id="s1-s3-t1" name="Register With Valid Username And Password" line="9">
<kw name="Go To Register Page And Reset App" type="SETUP">
<kw name="Go To Register Page" library="resource">
<kw name="Go To" library="SeleniumLibrary">
<arg>${REGISTER_URL}</arg>
<doc>Navigates the current browser window to the provided ``url``.</doc>
<msg timestamp="20231115 15:43:06.340" level="INFO">Opening url 'http://localhost:5001/register'</msg>
<status status="PASS" starttime="20231115 15:43:06.340" endtime="20231115 15:43:06.366"/>
</kw>
<status status="PASS" starttime="20231115 15:43:06.340" endtime="20231115 15:43:06.366"/>
</kw>
<kw name="Reset Application" library="AppLibrary">
<status status="PASS" starttime="20231115 15:43:06.366" endtime="20231115 15:43:06.371"/>
</kw>
<status status="PASS" starttime="20231115 15:43:06.340" endtime="20231115 15:43:06.371"/>
</kw>
<kw name="Set Username">
<arg>username</arg>
<kw name="Input Text" library="SeleniumLibrary">
<arg>username</arg>
<arg>${username}</arg>
<doc>Types the given ``text`` into the text field identified by ``locator``.</doc>
<msg timestamp="20231115 15:43:06.371" level="INFO">Typing text 'username' into text field 'username'.</msg>
<status status="PASS" starttime="20231115 15:43:06.371" endtime="20231115 15:43:06.423"/>
</kw>
<status status="PASS" starttime="20231115 15:43:06.371" endtime="20231115 15:43:06.423"/>
</kw>
<kw name="Set Password">
<arg>salasana1</arg>
<kw name="Input Password" library="SeleniumLibrary">
<arg>password</arg>
<arg>${password}</arg>
<doc>Types the given password into the text field identified by ``locator``.</doc>
<msg timestamp="20231115 15:43:06.424" level="INFO">Typing password into text field 'password'.</msg>
<msg timestamp="20231115 15:43:06.443" level="INFO">Temporally setting log level to: NONE</msg>
<msg timestamp="20231115 15:43:06.463" level="INFO">Log level changed from NONE to INFO.</msg>
<status status="PASS" starttime="20231115 15:43:06.424" endtime="20231115 15:43:06.463"/>
</kw>
<status status="PASS" starttime="20231115 15:43:06.424" endtime="20231115 15:43:06.463"/>
</kw>
<kw name="Set Password Confirmation">
<arg>salasana1</arg>
<kw name="Input Password" library="SeleniumLibrary">
<arg>password_confirmation</arg>
<arg>${password}</arg>
<doc>Types the given password into the text field identified by ``locator``.</doc>
<msg timestamp="20231115 15:43:06.463" level="INFO">Typing password into text field 'password_confirmation'.</msg>
<msg timestamp="20231115 15:43:06.480" level="INFO">Temporally setting log level to: NONE</msg>
<msg timestamp="20231115 15:43:06.499" level="INFO">Log level changed from NONE to INFO.</msg>
<status status="PASS" starttime="20231115 15:43:06.463" endtime="20231115 15:43:06.499"/>
</kw>
<status status="PASS" starttime="20231115 15:43:06.463" endtime="20231115 15:43:06.500"/>
</kw>
<kw name="Submit Credentials">
<kw name="Click Button" library="SeleniumLibrary">
<arg>Register</arg>
<doc>Clicks the button identified by ``locator``.</doc>
<msg timestamp="20231115 15:43:06.500" level="INFO">Clicking button 'Register'.</msg>
<status status="PASS" starttime="20231115 15:43:06.500" endtime="20231115 15:43:06.539"/>
</kw>
<status status="PASS" starttime="20231115 15:43:06.500" endtime="20231115 15:43:06.539"/>
</kw>
<kw name="Register Should Succeed">
<kw name="Title Should Be" library="SeleniumLibrary">
<arg>Welcome to Ohtu Application!</arg>
<doc>Verifies that the current page title equals ``title``.</doc>
<msg timestamp="20231115 15:43:06.542" level="INFO">Page title is 'Welcome to Ohtu Application!'.</msg>
<status status="PASS" starttime="20231115 15:43:06.540" endtime="20231115 15:43:06.542"/>
</kw>
<status status="PASS" starttime="20231115 15:43:06.540" endtime="20231115 15:43:06.542"/>
</kw>
<status status="PASS" starttime="20231115 15:43:06.339" endtime="20231115 15:43:06.542"/>
</test>
<test id="s1-s3-t2" name="Register With Too Short Username And Valid Password" line="16">
<kw name="Go To Register Page And Reset App" type="SETUP">
<kw name="Go To Register Page" library="resource">
<kw name="Go To" library="SeleniumLibrary">
<arg>${REGISTER_URL}</arg>
<doc>Navigates the current browser window to the provided ``url``.</doc>
<msg timestamp="20231115 15:43:06.543" level="INFO">Opening url 'http://localhost:5001/register'</msg>
<status status="PASS" starttime="20231115 15:43:06.543" endtime="20231115 15:43:06.550"/>
</kw>
<status status="PASS" starttime="20231115 15:43:06.543" endtime="20231115 15:43:06.550"/>
</kw>
<kw name="Reset Application" library="AppLibrary">
<status status="PASS" starttime="20231115 15:43:06.551" endtime="20231115 15:43:06.555"/>
</kw>
<status status="PASS" starttime="20231115 15:43:06.543" endtime="20231115 15:43:06.555"/>
</kw>
<kw name="Set Username">
<arg>ab</arg>
<kw name="Input Text" library="SeleniumLibrary">
<arg>username</arg>
<arg>${username}</arg>
<doc>Types the given ``text`` into the text field identified by ``locator``.</doc>
<msg timestamp="20231115 15:43:06.555" level="INFO">Typing text 'ab' into text field 'username'.</msg>
<status status="PASS" starttime="20231115 15:43:06.555" endtime="20231115 15:43:06.590"/>
</kw>
<status status="PASS" starttime="20231115 15:43:06.555" endtime="20231115 15:43:06.590"/>
</kw>
<kw name="Set Password">
<arg>salasana1</arg>
<kw name="Input Password" library="SeleniumLibrary">
<arg>password</arg>
<arg>${password}</arg>
<doc>Types the given password into the text field identified by ``locator``.</doc>
<msg timestamp="20231115 15:43:06.591" level="INFO">Typing password into text field 'password'.</msg>
<msg timestamp="20231115 15:43:06.607" level="INFO">Temporally setting log level to: NONE</msg>
<msg timestamp="20231115 15:43:06.627" level="INFO">Log level changed from NONE to INFO.</msg>
<status status="PASS" starttime="20231115 15:43:06.590" endtime="20231115 15:43:06.627"/>
</kw>
<status status="PASS" starttime="20231115 15:43:06.590" endtime="20231115 15:43:06.627"/>
</kw>
<kw name="Set Password Confirmation">
<arg>salasana1</arg>
<kw name="Input Password" library="SeleniumLibrary">
<arg>password_confirmation</arg>
<arg>${password}</arg>
<doc>Types the given password into the text field identified by ``locator``.</doc>
<msg timestamp="20231115 15:43:06.628" level="INFO">Typing password into text field 'password_confirmation'.</msg>
<msg timestamp="20231115 15:43:06.652" level="INFO">Temporally setting log level to: NONE</msg>
<msg timestamp="20231115 15:43:06.671" level="INFO">Log level changed from NONE to INFO.</msg>
<status status="PASS" starttime="20231115 15:43:06.627" endtime="20231115 15:43:06.671"/>
</kw>
<status status="PASS" starttime="20231115 15:43:06.627" endtime="20231115 15:43:06.671"/>
</kw>
<kw name="Submit Credentials">
<kw name="Click Button" library="SeleniumLibrary">
<arg>Register</arg>
<doc>Clicks the button identified by ``locator``.</doc>
<msg timestamp="20231115 15:43:06.672" level="INFO">Clicking button 'Register'.</msg>
<status status="PASS" starttime="20231115 15:43:06.672" endtime="20231115 15:43:06.702"/>
</kw>
<status status="PASS" starttime="20231115 15:43:06.672" endtime="20231115 15:43:06.702"/>
</kw>
<kw name="Page Should Contain" library="SeleniumLibrary">
<arg>Invalid username</arg>
<doc>Verifies that current page contains ``text``.</doc>
<msg timestamp="20231115 15:43:06.711" level="INFO">Current page contains text 'Invalid username'.</msg>
<status status="PASS" starttime="20231115 15:43:06.702" endtime="20231115 15:43:06.711"/>
</kw>
<status status="PASS" starttime="20231115 15:43:06.543" endtime="20231115 15:43:06.711"/>
</test>
<test id="s1-s3-t3" name="Register With Valid Username And Invalid Password" line="23">
<kw name="Go To Register Page And Reset App" type="SETUP">
<kw name="Go To Register Page" library="resource">
<kw name="Go To" library="SeleniumLibrary">
<arg>${REGISTER_URL}</arg>
<doc>Navigates the current browser window to the provided ``url``.</doc>
<msg timestamp="20231115 15:43:06.712" level="INFO">Opening url 'http://localhost:5001/register'</msg>
<status status="PASS" starttime="20231115 15:43:06.712" endtime="20231115 15:43:06.719"/>
</kw>
<status status="PASS" starttime="20231115 15:43:06.712" endtime="20231115 15:43:06.719"/>
</kw>
<kw name="Reset Application" library="AppLibrary">
<status status="PASS" starttime="20231115 15:43:06.720" endtime="20231115 15:43:06.723"/>
</kw>
<status status="PASS" starttime="20231115 15:43:06.712" endtime="20231115 15:43:06.723"/>
</kw>
<kw name="Set Username">
<arg>username</arg>
<kw name="Input Text" library="SeleniumLibrary">
<arg>username</arg>
<arg>${username}</arg>
<doc>Types the given ``text`` into the text field identified by ``locator``.</doc>
<msg timestamp="20231115 15:43:06.724" level="INFO">Typing text 'username' into text field 'username'.</msg>
<status status="PASS" starttime="20231115 15:43:06.724" endtime="20231115 15:43:06.759"/>
</kw>
<status status="PASS" starttime="20231115 15:43:06.723" endtime="20231115 15:43:06.759"/>
</kw>
<kw name="Set Password">
<arg>salasana</arg>
<kw name="Input Password" library="SeleniumLibrary">
<arg>password</arg>
<arg>${password}</arg>
<doc>Types the given password into the text field identified by ``locator``.</doc>
<msg timestamp="20231115 15:43:06.760" level="INFO">Typing password into text field 'password'.</msg>
<msg timestamp="20231115 15:43:06.775" level="INFO">Temporally setting log level to: NONE</msg>
<msg timestamp="20231115 15:43:06.794" level="INFO">Log level changed from NONE to INFO.</msg>
<status status="PASS" starttime="20231115 15:43:06.759" endtime="20231115 15:43:06.794"/>
</kw>
<status status="PASS" starttime="20231115 15:43:06.759" endtime="20231115 15:43:06.794"/>
</kw>
<kw name="Set Password Confirmation">
<arg>salasana</arg>
<kw name="Input Password" library="SeleniumLibrary">
<arg>password_confirmation</arg>
<arg>${password}</arg>
<doc>Types the given password into the text field identified by ``locator``.</doc>
<msg timestamp="20231115 15:43:06.795" level="INFO">Typing password into text field 'password_confirmation'.</msg>
<msg timestamp="20231115 15:43:06.810" level="INFO">Temporally setting log level to: NONE</msg>
<msg timestamp="20231115 15:43:06.829" level="INFO">Log level changed from NONE to INFO.</msg>
<status status="PASS" starttime="20231115 15:43:06.794" endtime="20231115 15:43:06.829"/>
</kw>
<status status="PASS" starttime="20231115 15:43:06.794" endtime="20231115 15:43:06.829"/>
</kw>
<kw name="Submit Credentials">
<kw name="Click Button" library="SeleniumLibrary">
<arg>Register</arg>
<doc>Clicks the button identified by ``locator``.</doc>
<msg timestamp="20231115 15:43:06.830" level="INFO">Clicking button 'Register'.</msg>
<status status="PASS" starttime="20231115 15:43:06.829" endtime="20231115 15:43:06.859"/>
</kw>
<status status="PASS" starttime="20231115 15:43:06.829" endtime="20231115 15:43:06.859"/>
</kw>
<kw name="Page Should Contain" library="SeleniumLibrary">
<arg>Invalid password</arg>
<doc>Verifies that current page contains ``text``.</doc>
<msg timestamp="20231115 15:43:06.867" level="INFO">Current page contains text 'Invalid password'.</msg>
<status status="PASS" starttime="20231115 15:43:06.859" endtime="20231115 15:43:06.867"/>
</kw>
<status status="PASS" starttime="20231115 15:43:06.711" endtime="20231115 15:43:06.868"/>
</test>
<test id="s1-s3-t4" name="Register With Nonmatching Password And Password Confirmation" line="30">
<kw name="Go To Register Page And Reset App" type="SETUP">
<kw name="Go To Register Page" library="resource">
<kw name="Go To" library="SeleniumLibrary">
<arg>${REGISTER_URL}</arg>
<doc>Navigates the current browser window to the provided ``url``.</doc>
<msg timestamp="20231115 15:43:06.869" level="INFO">Opening url 'http://localhost:5001/register'</msg>
<status status="PASS" starttime="20231115 15:43:06.869" endtime="20231115 15:43:06.876"/>
</kw>
<status status="PASS" starttime="20231115 15:43:06.868" endtime="20231115 15:43:06.876"/>
</kw>
<kw name="Reset Application" library="AppLibrary">
<status status="PASS" starttime="20231115 15:43:06.876" endtime="20231115 15:43:06.880"/>
</kw>
<status status="PASS" starttime="20231115 15:43:06.868" endtime="20231115 15:43:06.880"/>
</kw>
<kw name="Set Username">
<arg>username</arg>
<kw name="Input Text" library="SeleniumLibrary">
<arg>username</arg>
<arg>${username}</arg>
<doc>Types the given ``text`` into the text field identified by ``locator``.</doc>
<msg timestamp="20231115 15:43:06.881" level="INFO">Typing text 'username' into text field 'username'.</msg>
<status status="PASS" starttime="20231115 15:43:06.880" endtime="20231115 15:43:06.915"/>
</kw>
<status status="PASS" starttime="20231115 15:43:06.880" endtime="20231115 15:43:06.915"/>
</kw>
<kw name="Set Password">
<arg>salasana1</arg>
<kw name="Input Password" library="SeleniumLibrary">
<arg>password</arg>
<arg>${password}</arg>
<doc>Types the given password into the text field identified by ``locator``.</doc>
<msg timestamp="20231115 15:43:06.916" level="INFO">Typing password into text field 'password'.</msg>
<msg timestamp="20231115 15:43:06.932" level="INFO">Temporally setting log level to: NONE</msg>
<msg timestamp="20231115 15:43:06.951" level="INFO">Log level changed from NONE to INFO.</msg>
<status status="PASS" starttime="20231115 15:43:06.916" endtime="20231115 15:43:06.951"/>
</kw>
<status status="PASS" starttime="20231115 15:43:06.915" endtime="20231115 15:43:06.951"/>
</kw>
<kw name="Set Password Confirmation">
<arg>salasan1</arg>
<kw name="Input Password" library="SeleniumLibrary">
<arg>password_confirmation</arg>
<arg>${password}</arg>
<doc>Types the given password into the text field identified by ``locator``.</doc>
<msg timestamp="20231115 15:43:06.951" level="INFO">Typing password into text field 'password_confirmation'.</msg>
<msg timestamp="20231115 15:43:06.966" level="INFO">Temporally setting log level to: NONE</msg>
<msg timestamp="20231115 15:43:06.986" level="INFO">Log level changed from NONE to INFO.</msg>
<status status="PASS" starttime="20231115 15:43:06.951" endtime="20231115 15:43:06.986"/>
</kw>
<status status="PASS" starttime="20231115 15:43:06.951" endtime="20231115 15:43:06.986"/>
</kw>
<kw name="Submit Credentials">
<kw name="Click Button" library="SeleniumLibrary">
<arg>Register</arg>
<doc>Clicks the button identified by ``locator``.</doc>
<msg timestamp="20231115 15:43:06.987" level="INFO">Clicking button 'Register'.</msg>
<status status="PASS" starttime="20231115 15:43:06.986" endtime="20231115 15:43:07.016"/>
</kw>
<status status="PASS" starttime="20231115 15:43:06.986" endtime="20231115 15:43:07.016"/>
</kw>
<kw name="Page Should Contain" library="SeleniumLibrary">
<arg>Passwords are different</arg>
<doc>Verifies that current page contains ``text``.</doc>
<msg timestamp="20231115 15:43:07.024" level="INFO">Current page contains text 'Passwords are different'.</msg>
<status status="PASS" starttime="20231115 15:43:07.016" endtime="20231115 15:43:07.024"/>
</kw>
<status status="PASS" starttime="20231115 15:43:06.868" endtime="20231115 15:43:07.024"/>
</test>
<test id="s1-s3-t5" name="Login After Successful Registration" line="37">
<kw name="Go To Register Page And Reset App" type="SETUP">
<kw name="Go To Register Page" library="resource">
<kw name="Go To" library="SeleniumLibrary">
<arg>${REGISTER_URL}</arg>
<doc>Navigates the current browser window to the provided ``url``.</doc>
<msg timestamp="20231115 15:43:07.025" level="INFO">Opening url 'http://localhost:5001/register'</msg>
<status status="PASS" starttime="20231115 15:43:07.025" endtime="20231115 15:43:07.032"/>
</kw>
<status status="PASS" starttime="20231115 15:43:07.025" endtime="20231115 15:43:07.032"/>
</kw>
<kw name="Reset Application" library="AppLibrary">
<status status="PASS" starttime="20231115 15:43:07.032" endtime="20231115 15:43:07.036"/>
</kw>
<status status="PASS" starttime="20231115 15:43:07.025" endtime="20231115 15:43:07.036"/>
</kw>
<kw name="Create User And Go To Login Page">
<kw name="Create User" library="AppLibrary">
<arg>kalle</arg>
<arg>kalle123</arg>
<status status="PASS" starttime="20231115 15:43:07.037" endtime="20231115 15:43:07.040"/>
</kw>
<kw name="Go To Login Page" library="resource">
<kw name="Go To" library="SeleniumLibrary">
<arg>${LOGIN_URL}</arg>
<doc>Navigates the current browser window to the provided ``url``.</doc>
<msg timestamp="20231115 15:43:07.041" level="INFO">Opening url 'http://localhost:5001/login'</msg>
<status status="PASS" starttime="20231115 15:43:07.041" endtime="20231115 15:43:07.048"/>
</kw>
<status status="PASS" starttime="20231115 15:43:07.040" endtime="20231115 15:43:07.048"/>
</kw>
<kw name="Login Page Should Be Open" library="resource">
<kw name="Title Should Be" library="SeleniumLibrary">
<arg>Login</arg>
<doc>Verifies that the current page title equals ``title``.</doc>
<msg timestamp="20231115 15:43:07.051" level="INFO">Page title is 'Login'.</msg>
<status status="PASS" starttime="20231115 15:43:07.049" endtime="20231115 15:43:07.051"/>
</kw>
<status status="PASS" starttime="20231115 15:43:07.049" endtime="20231115 15:43:07.051"/>
</kw>
<status status="PASS" starttime="20231115 15:43:07.036" endtime="20231115 15:43:07.051"/>
</kw>
<kw name="Set Username">
<arg>kalle</arg>
<kw name="Input Text" library="SeleniumLibrary">
<arg>username</arg>
<arg>${username}</arg>
<doc>Types the given ``text`` into the text field identified by ``locator``.</doc>
<msg timestamp="20231115 15:43:07.051" level="INFO">Typing text 'kalle' into text field 'username'.</msg>
<status status="PASS" starttime="20231115 15:43:07.051" endtime="20231115 15:43:07.086"/>
</kw>
<status status="PASS" starttime="20231115 15:43:07.051" endtime="20231115 15:43:07.086"/>
</kw>
<kw name="Set Password">
<arg>kalle123</arg>
<kw name="Input Password" library="SeleniumLibrary">
<arg>password</arg>
<arg>${password}</arg>
<doc>Types the given password into the text field identified by ``locator``.</doc>
<msg timestamp="20231115 15:43:07.086" level="INFO">Typing password into text field 'password'.</msg>
<msg timestamp="20231115 15:43:07.102" level="INFO">Temporally setting log level to: NONE</msg>
<msg timestamp="20231115 15:43:07.121" level="INFO">Log level changed from NONE to INFO.</msg>
<status status="PASS" starttime="20231115 15:43:07.086" endtime="20231115 15:43:07.121"/>
</kw>
<status status="PASS" starttime="20231115 15:43:07.086" endtime="20231115 15:43:07.121"/>
</kw>
<kw name="Submit Credentials Login">
<kw name="Click Button" library="SeleniumLibrary">
<arg>Login</arg>
<doc>Clicks the button identified by ``locator``.</doc>
<msg timestamp="20231115 15:43:07.121" level="INFO">Clicking button 'Login'.</msg>
<status status="PASS" starttime="20231115 15:43:07.121" endtime="20231115 15:43:07.158"/>
</kw>
<status status="PASS" starttime="20231115 15:43:07.121" endtime="20231115 15:43:07.158"/>
</kw>
<kw name="Login Should Succeed">
<kw name="Main Page Should Be Open" library="resource">
<kw name="Title Should Be" library="SeleniumLibrary">
<arg>Ohtu Application main page</arg>
<doc>Verifies that the current page title equals ``title``.</doc>
<msg timestamp="20231115 15:43:07.161" level="INFO">Page title is 'Ohtu Application main page'.</msg>
<status status="PASS" starttime="20231115 15:43:07.159" endtime="20231115 15:43:07.161"/>
</kw>
<status status="PASS" starttime="20231115 15:43:07.158" endtime="20231115 15:43:07.161"/>
</kw>
<status status="PASS" starttime="20231115 15:43:07.158" endtime="20231115 15:43:07.161"/>
</kw>
<status status="PASS" starttime="20231115 15:43:07.025" endtime="20231115 15:43:07.161"/>
</test>
<test id="s1-s3-t6" name="Login After Failed Registration" line="44">
<kw name="Go To Register Page And Reset App" type="SETUP">
<kw name="Go To Register Page" library="resource">
<kw name="Go To" library="SeleniumLibrary">
<arg>${REGISTER_URL}</arg>
<doc>Navigates the current browser window to the provided ``url``.</doc>
<msg timestamp="20231115 15:43:07.162" level="INFO">Opening url 'http://localhost:5001/register'</msg>
<status status="PASS" starttime="20231115 15:43:07.162" endtime="20231115 15:43:07.170"/>
</kw>
<status status="PASS" starttime="20231115 15:43:07.162" endtime="20231115 15:43:07.170"/>
</kw>
<kw name="Reset Application" library="AppLibrary">
<status status="PASS" starttime="20231115 15:43:07.170" endtime="20231115 15:43:07.174"/>
</kw>
<status status="PASS" starttime="20231115 15:43:07.161" endtime="20231115 15:43:07.174"/>
</kw>
<kw name="Do Failed Register Attempt">
<kw name="Create User" library="AppLibrary">
<arg>user</arg>
<arg>incorrect</arg>
<status status="PASS" starttime="20231115 15:43:07.174" endtime="20231115 15:43:07.178"/>
</kw>
<kw name="Go To Login Page" library="resource">
<kw name="Go To" library="SeleniumLibrary">
<arg>${LOGIN_URL}</arg>
<doc>Navigates the current browser window to the provided ``url``.</doc>
<msg timestamp="20231115 15:43:07.179" level="INFO">Opening url 'http://localhost:5001/login'</msg>
<status status="PASS" starttime="20231115 15:43:07.179" endtime="20231115 15:43:07.186"/>
</kw>
<status status="PASS" starttime="20231115 15:43:07.178" endtime="20231115 15:43:07.186"/>
</kw>
<status status="PASS" starttime="20231115 15:43:07.174" endtime="20231115 15:43:07.186"/>
</kw>
<kw name="Set Username">
<arg>user</arg>
<kw name="Input Text" library="SeleniumLibrary">
<arg>username</arg>
<arg>${username}</arg>
<doc>Types the given ``text`` into the text field identified by ``locator``.</doc>
<msg timestamp="20231115 15:43:07.187" level="INFO">Typing text 'user' into text field 'username'.</msg>
<status status="PASS" starttime="20231115 15:43:07.186" endtime="20231115 15:43:07.220"/>
</kw>
<status status="PASS" starttime="20231115 15:43:07.186" endtime="20231115 15:43:07.220"/>
</kw>
<kw name="Set Password">
<arg>incorrect</arg>
<kw name="Input Password" library="SeleniumLibrary">
<arg>password</arg>
<arg>${password}</arg>
<doc>Types the given password into the text field identified by ``locator``.</doc>
<msg timestamp="20231115 15:43:07.221" level="INFO">Typing password into text field 'password'.</msg>
<msg timestamp="20231115 15:43:07.236" level="INFO">Temporally setting log level to: NONE</msg>
<msg timestamp="20231115 15:43:07.255" level="INFO">Log level changed from NONE to INFO.</msg>
<status status="PASS" starttime="20231115 15:43:07.221" endtime="20231115 15:43:07.255"/>
</kw>
<status status="PASS" starttime="20231115 15:43:07.221" endtime="20231115 15:43:07.255"/>
</kw>
<kw name="Submit Credentials Login">
<kw name="Click Button" library="SeleniumLibrary">
<arg>Login</arg>
<doc>Clicks the button identified by ``locator``.</doc>
<msg timestamp="20231115 15:43:07.256" level="INFO">Clicking button 'Login'.</msg>
<status status="PASS" starttime="20231115 15:43:07.255" endtime="20231115 15:43:07.286"/>
</kw>
<status status="PASS" starttime="20231115 15:43:07.255" endtime="20231115 15:43:07.286"/>
</kw>
<status status="PASS" starttime="20231115 15:43:07.161" endtime="20231115 15:43:07.286"/>
</test>
<kw name="Close Browser" library="SeleniumLibrary" type="TEARDOWN">
<doc>Closes the current browser.</doc>
<status status="PASS" starttime="20231115 15:43:07.287" endtime="20231115 15:43:07.342"/>
</kw>
<status status="PASS" starttime="20231115 15:43:05.651" endtime="20231115 15:43:07.342"/>
</suite>
<status status="PASS" starttime="20231115 15:43:03.543" endtime="20231115 15:43:07.343"/>
</suite>
<statistics>
<total>
<stat pass="11" fail="0" skip="0">All Tests</stat>
</total>
<tag>
</tag>
<suite>
<stat pass="11" fail="0" skip="0" id="s1" name="Tests">Tests</stat>
<stat pass="2" fail="0" skip="0" id="s1-s1" name="Home">Tests.Home</stat>
<stat pass="3" fail="0" skip="0" id="s1-s2" name="Login">Tests.Login</stat>
<stat pass="6" fail="0" skip="0" id="s1-s3" name="Register">Tests.Register</stat>
</suite>
</statistics>
<errors>
</errors>
</robot>
